[0.451s] Invoking command in '/home/aoki/ros2_ws/src/mypkg': PYTHONPATH=/home/aoki/ros2_ws/src/mypkg/build/mypkg/prefix_override:/usr/lib/python3/dist-packages/colcon_core/task/python/colcon_distutils_commands:/home/aoki/ros2_ws/src/mypkg/install/mypkg/lib/python3.8/site-packages:${PYTHONPATH} /usr/bin/python3 -W ignore:setup.py install is deprecated setup.py egg_info --egg-base build/mypkg build --build-base /home/aoki/ros2_ws/src/mypkg/build/mypkg/build install --record /home/aoki/ros2_ws/src/mypkg/build/mypkg/install.log --install-scripts $base/lib/mypkg --single-version-externally-managed install_data
[0.558s] running egg_info
[0.558s] writing build/mypkg/mypkg.egg-info/PKG-INFO
[0.560s] writing dependency_links to build/mypkg/mypkg.egg-info/dependency_links.txt
[0.561s] writing entry points to build/mypkg/mypkg.egg-info/entry_points.txt
[0.561s] writing requirements to build/mypkg/mypkg.egg-info/requires.txt
[0.561s] writing top-level names to build/mypkg/mypkg.egg-info/top_level.txt
[0.584s] reading manifest file 'build/mypkg/mypkg.egg-info/SOURCES.txt'
[0.584s] writing manifest file 'build/mypkg/mypkg.egg-info/SOURCES.txt'
[0.584s] running build
[0.584s] running build_py
[0.587s] copying mypkg/listener.py -> /home/aoki/ros2_ws/src/mypkg/build/mypkg/build/lib/mypkg
[0.587s] running install
[0.587s] running install_lib
[0.588s] copying /home/aoki/ros2_ws/src/mypkg/build/mypkg/build/lib/mypkg/listener.py -> /home/aoki/ros2_ws/src/mypkg/install/mypkg/lib/python3.8/site-packages/mypkg
[0.589s] byte-compiling /home/aoki/ros2_ws/src/mypkg/install/mypkg/lib/python3.8/site-packages/mypkg/listener.py to listener.cpython-38.pyc
[0.589s]   File "/home/aoki/ros2_ws/src/mypkg/install/mypkg/lib/python3.8/site-packages/mypkg/listener.py", line 9
[0.589s]     def cb(msg):
[0.589s]     ^
[0.589s] SyntaxError: invalid syntax
[0.589s] 
[0.589s] byte-compiling /home/aoki/ros2_ws/src/mypkg/install/mypkg/lib/python3.8/site-packages/mypkg/talker.py to talker.cpython-38.pyc
[0.590s]   File "/home/aoki/ros2_ws/src/mypkg/install/mypkg/lib/python3.8/site-packages/mypkg/talker.py", line 5
[0.590s]     rclpy.init()
[0.590s]                  ^
[0.590s] SyntaxError: invalid character in identifier
[0.590s] 
[0.590s] running install_data
[0.590s] running install_egg_info
[0.591s] removing '/home/aoki/ros2_ws/src/mypkg/install/mypkg/lib/python3.8/site-packages/mypkg-0.0.0-py3.8.egg-info' (and everything under it)
[0.592s] Copying build/mypkg/mypkg.egg-info to /home/aoki/ros2_ws/src/mypkg/install/mypkg/lib/python3.8/site-packages/mypkg-0.0.0-py3.8.egg-info
[0.592s] running install_scripts
[0.603s] Installing listener script to /home/aoki/ros2_ws/src/mypkg/install/mypkg/lib/mypkg
[0.604s] Installing talker script to /home/aoki/ros2_ws/src/mypkg/install/mypkg/lib/mypkg
[0.604s] writing list of installed files to '/home/aoki/ros2_ws/src/mypkg/build/mypkg/install.log'
[0.616s] Invoked command in '/home/aoki/ros2_ws/src/mypkg' returned '0': PYTHONPATH=/home/aoki/ros2_ws/src/mypkg/build/mypkg/prefix_override:/usr/lib/python3/dist-packages/colcon_core/task/python/colcon_distutils_commands:/home/aoki/ros2_ws/src/mypkg/install/mypkg/lib/python3.8/site-packages:${PYTHONPATH} /usr/bin/python3 -W ignore:setup.py install is deprecated setup.py egg_info --egg-base build/mypkg build --build-base /home/aoki/ros2_ws/src/mypkg/build/mypkg/build install --record /home/aoki/ros2_ws/src/mypkg/build/mypkg/install.log --install-scripts $base/lib/mypkg --single-version-externally-managed install_data
