[0.824s] Invoking command in '/home/aoki/ros2_ws/src/mypkg': PYTHONPATH=/home/aoki/ros2_ws/src/mypkg/build/mypkg/prefix_override:/usr/lib/python3/dist-packages/colcon_core/task/python/colcon_distutils_commands:/home/aoki/ros2_ws/src/mypkg/install/mypkg/lib/python3.8/site-packages:${PYTHONPATH} /usr/bin/python3 -W ignore:setup.py install is deprecated setup.py egg_info --egg-base build/mypkg build --build-base /home/aoki/ros2_ws/src/mypkg/build/mypkg/build install --record /home/aoki/ros2_ws/src/mypkg/build/mypkg/install.log --install-scripts $base/lib/mypkg --single-version-externally-managed install_data
[1.090s] running egg_info
[1.091s] creating build/mypkg/mypkg.egg-info
[1.091s] writing build/mypkg/mypkg.egg-info/PKG-INFO
[1.092s] writing dependency_links to build/mypkg/mypkg.egg-info/dependency_links.txt
[1.104s] writing entry points to build/mypkg/mypkg.egg-info/entry_points.txt
[1.106s] writing requirements to build/mypkg/mypkg.egg-info/requires.txt
[1.106s] writing top-level names to build/mypkg/mypkg.egg-info/top_level.txt
[1.107s] writing manifest file 'build/mypkg/mypkg.egg-info/SOURCES.txt'
[1.156s] reading manifest file 'build/mypkg/mypkg.egg-info/SOURCES.txt'
[1.157s] writing manifest file 'build/mypkg/mypkg.egg-info/SOURCES.txt'
[1.157s] running build
[1.157s] running build_py
[1.157s] creating /home/aoki/ros2_ws/src/mypkg/build/mypkg/build
[1.157s] creating /home/aoki/ros2_ws/src/mypkg/build/mypkg/build/lib
[1.158s] creating /home/aoki/ros2_ws/src/mypkg/build/mypkg/build/lib/mypkg
[1.158s] copying mypkg/__init__.py -> /home/aoki/ros2_ws/src/mypkg/build/mypkg/build/lib/mypkg
[1.158s] copying mypkg/talker.py -> /home/aoki/ros2_ws/src/mypkg/build/mypkg/build/lib/mypkg
[1.159s] running install
[1.160s] running install_lib
[1.161s] creating /home/aoki/ros2_ws/src/mypkg/install/mypkg/lib/python3.8/site-packages/mypkg
[1.161s] copying /home/aoki/ros2_ws/src/mypkg/build/mypkg/build/lib/mypkg/__init__.py -> /home/aoki/ros2_ws/src/mypkg/install/mypkg/lib/python3.8/site-packages/mypkg
[1.162s] copying /home/aoki/ros2_ws/src/mypkg/build/mypkg/build/lib/mypkg/talker.py -> /home/aoki/ros2_ws/src/mypkg/install/mypkg/lib/python3.8/site-packages/mypkg
[1.163s] byte-compiling /home/aoki/ros2_ws/src/mypkg/install/mypkg/lib/python3.8/site-packages/mypkg/__init__.py to __init__.cpython-38.pyc
[1.164s] byte-compiling /home/aoki/ros2_ws/src/mypkg/install/mypkg/lib/python3.8/site-packages/mypkg/talker.py to talker.cpython-38.pyc
[1.165s]   File "/home/aoki/ros2_ws/src/mypkg/install/mypkg/lib/python3.8/site-packages/mypkg/talker.py", line 5
[1.165s]     rclpy.init()
[1.165s]                  ^
[1.165s] SyntaxError: invalid character in identifier
[1.165s] 
[1.166s] running install_data
[1.166s] creating /home/aoki/ros2_ws/src/mypkg/install/mypkg/share/ament_index
[1.166s] creating /home/aoki/ros2_ws/src/mypkg/install/mypkg/share/ament_index/resource_index
[1.166s] creating /home/aoki/ros2_ws/src/mypkg/install/mypkg/share/ament_index/resource_index/packages
[1.166s] copying resource/mypkg -> /home/aoki/ros2_ws/src/mypkg/install/mypkg/share/ament_index/resource_index/packages
[1.166s] copying package.xml -> /home/aoki/ros2_ws/src/mypkg/install/mypkg/share/mypkg
[1.166s] running install_egg_info
[1.168s] Copying build/mypkg/mypkg.egg-info to /home/aoki/ros2_ws/src/mypkg/install/mypkg/lib/python3.8/site-packages/mypkg-0.0.0-py3.8.egg-info
[1.169s] running install_scripts
[1.195s] Installing talker script to /home/aoki/ros2_ws/src/mypkg/install/mypkg/lib/mypkg
[1.196s] writing list of installed files to '/home/aoki/ros2_ws/src/mypkg/build/mypkg/install.log'
[1.230s] Invoked command in '/home/aoki/ros2_ws/src/mypkg' returned '0': PYTHONPATH=/home/aoki/ros2_ws/src/mypkg/build/mypkg/prefix_override:/usr/lib/python3/dist-packages/colcon_core/task/python/colcon_distutils_commands:/home/aoki/ros2_ws/src/mypkg/install/mypkg/lib/python3.8/site-packages:${PYTHONPATH} /usr/bin/python3 -W ignore:setup.py install is deprecated setup.py egg_info --egg-base build/mypkg build --build-base /home/aoki/ros2_ws/src/mypkg/build/mypkg/build install --record /home/aoki/ros2_ws/src/mypkg/build/mypkg/install.log --install-scripts $base/lib/mypkg --single-version-externally-managed install_data
